Performing C SOURCE FILE Test HAVE_GCC_PREFERRED_STACK_BOUNDARY failed with the following output:
Change Dir: /Users/florianblanchard/42_works/Scop/game/target/debug/build/sdl2-sys-20e0e7642941fa29/out/build/CMakeFiles/CMakeTmp

Run Build Command(s):/usr/bin/make -f Makefile cmTC_9eeee/fast && /Applications/Xcode.app/Contents/Developer/usr/bin/make  -f CMakeFiles/cmTC_9eeee.dir/build.make CMakeFiles/cmTC_9eeee.dir/build
Building C object CMakeFiles/cmTC_9eeee.dir/src.c.o
/usr/bin/cc -DHAVE_GCC_PREFERRED_STACK_BOUNDARY  -D__FLTUSED__ -ffunction-sections -fdata-sections -fPIC -m64 -arch x86_64 -idirafter "/Users/florianblanchard/.cargo/registry/src/github.com-1ecc6299db9ec823/sdl2-sys-0.35.2/SDL/src/video/khronos" -mpreferred-stack-boundary=2 -isysroot /Applications/Xcode.app/Contents/Developer/Platforms/MacOSX.platform/Developer/SDKs/MacOSX12.3.sdk -MD -MT CMakeFiles/cmTC_9eeee.dir/src.c.o -MF CMakeFiles/cmTC_9eeee.dir/src.c.o.d -o CMakeFiles/cmTC_9eeee.dir/src.c.o -c /Users/florianblanchard/42_works/Scop/game/target/debug/build/sdl2-sys-20e0e7642941fa29/out/build/CMakeFiles/CMakeTmp/src.c
clang: error: unknown argument: '-mpreferred-stack-boundary=2'
make[1]: *** [CMakeFiles/cmTC_9eeee.dir/src.c.o] Error 1
make: *** [cmTC_9eeee/fast] Error 2


Source file was:
int x = 0; int main(int argc, char **argv) {}
Performing C SOURCE FILE Test HAVE_ALTIVEC_H_HDR failed with the following output:
Change Dir: /Users/florianblanchard/42_works/Scop/game/target/debug/build/sdl2-sys-20e0e7642941fa29/out/build/CMakeFiles/CMakeTmp

Run Build Command(s):/usr/bin/make -f Makefile cmTC_77b3d/fast && /Applications/Xcode.app/Contents/Developer/usr/bin/make  -f CMakeFiles/cmTC_77b3d.dir/build.make CMakeFiles/cmTC_77b3d.dir/build
Building C object CMakeFiles/cmTC_77b3d.dir/src.c.o
/usr/bin/cc -DHAVE_ALTIVEC_H_HDR  -D__FLTUSED__ -ffunction-sections -fdata-sections -fPIC -m64 -arch x86_64 -idirafter "/Users/florianblanchard/.cargo/registry/src/github.com-1ecc6299db9ec823/sdl2-sys-0.35.2/SDL/src/video/khronos" -maltivec -isysroot /Applications/Xcode.app/Contents/Developer/Platforms/MacOSX.platform/Developer/SDKs/MacOSX12.3.sdk -MD -MT CMakeFiles/cmTC_77b3d.dir/src.c.o -MF CMakeFiles/cmTC_77b3d.dir/src.c.o.d -o CMakeFiles/cmTC_77b3d.dir/src.c.o -c /Users/florianblanchard/42_works/Scop/game/target/debug/build/sdl2-sys-20e0e7642941fa29/out/build/CMakeFiles/CMakeTmp/src.c
clang: warning: argument unused during compilation: '-maltivec' [-Wunused-command-line-argument]
In file included from /Users/florianblanchard/42_works/Scop/game/target/debug/build/sdl2-sys-20e0e7642941fa29/out/build/CMakeFiles/CMakeTmp/src.c:2:
/Applications/Xcode.app/Contents/Developer/Toolchains/XcodeDefault.xctoolchain/usr/lib/clang/13.1.6/include/altivec.h:13:2: error: "AltiVec support not enabled"
#error "AltiVec support not enabled"
 ^
/Applications/Xcode.app/Contents/Developer/Toolchains/XcodeDefault.xctoolchain/usr/lib/clang/13.1.6/include/altivec.h:46:19: error: unknown type name 'vector'
static __inline__ vector signed char __ATTRS_o_ai vec_perm(
                  ^
/Applications/Xcode.app/Contents/Developer/Toolchains/XcodeDefault.xctoolchain/usr/lib/clang/13.1.6/include/altivec.h:47:5: error: unknown type name 'vector'
    vector signed char __a, vector signed char __b, vector unsigned char __c);
    ^
/Applications/Xcode.app/Contents/Developer/Toolchains/XcodeDefault.xctoolchain/usr/lib/clang/13.1.6/include/altivec.h:47:29: error: unknown type name 'vector'
    vector signed char __a, vector signed char __b, vector unsigned char __c);
                            ^
/Applications/Xcode.app/Contents/Developer/Toolchains/XcodeDefault.xctoolchain/usr/lib/clang/13.1.6/include/altivec.h:47:53: error: unknown type name 'vector'
    vector signed char __a, vector signed char __b, vector unsigned char __c);
                                                    ^
/Applications/Xcode.app/Contents/Developer/Toolchains/XcodeDefault.xctoolchain/usr/lib/clang/13.1.6/include/altivec.h:49:19: error: unknown type name 'vector'
static __inline__ vector unsigned char __ATTRS_o_ai
                  ^
/Applications/Xcode.app/Contents/Developer/Toolchains/XcodeDefault.xctoolchain/usr/lib/clang/13.1.6/include/altivec.h:50:10: error: unknown type name 'vector'
vec_perm(vector unsigned char __a, vector unsigned char __b,
         ^
/Applications/Xcode.app/Contents/Developer/Toolchains/XcodeDefault.xctoolchain/usr/lib/clang/13.1.6/include/altivec.h:50:36: error: unknown type name 'vector'
vec_perm(vector unsigned char __a, vector unsigned char __b,
                                   ^
/Applications/Xcode.app/Contents/Developer/Toolchains/XcodeDefault.xctoolchain/usr/lib/clang/13.1.6/include/altivec.h:51:10: error: unknown type name 'vector'
         vector unsigned char __c);
         ^
/Applications/Xcode.app/Contents/Developer/Toolchains/XcodeDefault.xctoolchain/usr/lib/clang/13.1.6/include/altivec.h:53:19: error: unknown type name 'vector'
static __inline__ vector bool char __ATTRS_o_ai
                  ^
/Applications/Xcode.app/Contents/Developer/Toolchains/XcodeDefault.xctoolchain/usr/lib/clang/13.1.6/include/altivec.h:53:8: error: 'inline' can only appear on functions
static __inline__ vector bool char __ATTRS_o_ai
       ^
/Applications/Xcode.app/Contents/Developer/Toolchains/XcodeDefault.xctoolchain/usr/lib/clang/13.1.6/include/altivec.h:53:30: error: expected ';' after top level declarator
static __inline__ vector bool char __ATTRS_o_ai
                             ^
/Applications/Xcode.app/Contents/Developer/Toolchains/XcodeDefault.xctoolchain/usr/lib/clang/13.1.6/include/altivec.h:54:10: error: unknown type name 'vector'
vec_perm(vector bool char __a, vector bool char __b, vector unsigned char __c);
         ^
/Applications/Xcode.app/Contents/Developer/Toolchains/XcodeDefault.xctoolchain/usr/lib/clang/13.1.6/include/altivec.h:54:22: error: expected ')'
vec_perm(vector bool char __a, vector bool char __b, vector unsigned char __c);
                     ^
/Applications/Xcode.app/Contents/Developer/Toolchains/XcodeDefault.xctoolchain/usr/lib/clang/13.1.6/include/altivec.h:54:9: note: to match this '('
vec_perm(vector bool char __a, vector bool char __b, vector unsigned char __c);
        ^
/Applications/Xcode.app/Contents/Developer/Toolchains/XcodeDefault.xctoolchain/usr/lib/clang/13.1.6/include/altivec.h:56:19: error: unknown type name 'vector'
static __inline__ vector short __ATTRS_o_ai vec_perm(vector signed short __a,
                  ^
/Applications/Xcode.app/Contents/Developer/Toolchains/XcodeDefault.xctoolchain/usr/lib/clang/13.1.6/include/altivec.h:56:54: error: unknown type name 'vector'
static __inline__ vector short __ATTRS_o_ai vec_perm(vector signed short __a,
                                                     ^
/Applications/Xcode.app/Contents/Developer/Toolchains/XcodeDefault.xctoolchain/usr/lib/clang/13.1.6/include/altivec.h:57:54: error: unknown type name 'vector'
                                                     vector signed short __b,
                                                     ^
/Applications/Xcode.app/Contents/Developer/Toolchains/XcodeDefault.xctoolchain/usr/lib/clang/13.1.6/include/altivec.h:58:54: error: unknown type name 'vector'
                                                     vector unsigned char __c);
                                                     ^
/Applications/Xcode.app/Contents/Developer/Toolchains/XcodeDefault.xctoolchain/usr/lib/clang/13.1.6/include/altivec.h:60:19: error: unknown type name 'vector'
static __inline__ vector unsigned short __ATTRS_o_ai
                  ^
fatal error: too many errors emitted, stopping now [-ferror-limit=]
20 errors generated.
make[1]: *** [CMakeFiles/cmTC_77b3d.dir/src.c.o] Error 1
make: *** [cmTC_77b3d/fast] Error 2


Source file was:

          #include <altivec.h>
          vector unsigned int vzero() {
              return vec_splat_u32(0);
          }
          int main(int argc, char **argv) { }
Performing C SOURCE FILE Test HAVE_ALTIVEC failed with the following output:
Change Dir: /Users/florianblanchard/42_works/Scop/game/target/debug/build/sdl2-sys-20e0e7642941fa29/out/build/CMakeFiles/CMakeTmp

Run Build Command(s):/usr/bin/make -f Makefile cmTC_ea85d/fast && /Applications/Xcode.app/Contents/Developer/usr/bin/make  -f CMakeFiles/cmTC_ea85d.dir/build.make CMakeFiles/cmTC_ea85d.dir/build
Building C object CMakeFiles/cmTC_ea85d.dir/src.c.o
/usr/bin/cc -DHAVE_ALTIVEC  -D__FLTUSED__ -ffunction-sections -fdata-sections -fPIC -m64 -arch x86_64 -idirafter "/Users/florianblanchard/.cargo/registry/src/github.com-1ecc6299db9ec823/sdl2-sys-0.35.2/SDL/src/video/khronos" -maltivec -isysroot /Applications/Xcode.app/Contents/Developer/Platforms/MacOSX.platform/Developer/SDKs/MacOSX12.3.sdk -MD -MT CMakeFiles/cmTC_ea85d.dir/src.c.o -MF CMakeFiles/cmTC_ea85d.dir/src.c.o.d -o CMakeFiles/cmTC_ea85d.dir/src.c.o -c /Users/florianblanchard/42_works/Scop/game/target/debug/build/sdl2-sys-20e0e7642941fa29/out/build/CMakeFiles/CMakeTmp/src.c
clang: warning: argument unused during compilation: '-maltivec' [-Wunused-command-line-argument]
/Users/florianblanchard/42_works/Scop/game/target/debug/build/sdl2-sys-20e0e7642941fa29/out/build/CMakeFiles/CMakeTmp/src.c:2:11: error: unknown type name 'vector'
          vector unsigned int vzero() {
          ^
/Users/florianblanchard/42_works/Scop/game/target/debug/build/sdl2-sys-20e0e7642941fa29/out/build/CMakeFiles/CMakeTmp/src.c:3:22: error: implicit declaration of function 'vec_splat_u32' is invalid in C99 [-Werror,-Wimplicit-function-declaration]
              return vec_splat_u32(0);
                     ^
2 errors generated.
make[1]: *** [CMakeFiles/cmTC_ea85d.dir/src.c.o] Error 1
make: *** [cmTC_ea85d/fast] Error 2


Source file was:

          vector unsigned int vzero() {
              return vec_splat_u32(0);
          }
          int main(int argc, char **argv) { }
Determining if the include file malloc.h exists failed with the following output:
Change Dir: /Users/florianblanchard/42_works/Scop/game/target/debug/build/sdl2-sys-20e0e7642941fa29/out/build/CMakeFiles/CMakeTmp

Run Build Command(s):/usr/bin/make -f Makefile cmTC_6084b/fast && /Applications/Xcode.app/Contents/Developer/usr/bin/make  -f CMakeFiles/cmTC_6084b.dir/build.make CMakeFiles/cmTC_6084b.dir/build
Building C object CMakeFiles/cmTC_6084b.dir/CheckIncludeFile.c.o
/usr/bin/cc   -D__FLTUSED__ -ffunction-sections -fdata-sections -fPIC -m64 -arch x86_64 -idirafter "/Users/florianblanchard/.cargo/registry/src/github.com-1ecc6299db9ec823/sdl2-sys-0.35.2/SDL/src/video/khronos"  -isysroot /Applications/Xcode.app/Contents/Developer/Platforms/MacOSX.platform/Developer/SDKs/MacOSX12.3.sdk -MD -MT CMakeFiles/cmTC_6084b.dir/CheckIncludeFile.c.o -MF CMakeFiles/cmTC_6084b.dir/CheckIncludeFile.c.o.d -o CMakeFiles/cmTC_6084b.dir/CheckIncludeFile.c.o -c /Users/florianblanchard/42_works/Scop/game/target/debug/build/sdl2-sys-20e0e7642941fa29/out/build/CMakeFiles/CMakeTmp/CheckIncludeFile.c
/Users/florianblanchard/42_works/Scop/game/target/debug/build/sdl2-sys-20e0e7642941fa29/out/build/CMakeFiles/CMakeTmp/CheckIncludeFile.c:1:10: fatal error: 'malloc.h' file not found
#include <malloc.h>
         ^~~~~~~~~~
1 error generated.
make[1]: *** [CMakeFiles/cmTC_6084b.dir/CheckIncludeFile.c.o] Error 1
make: *** [cmTC_6084b/fast] Error 2



Determining if the _strrev exist failed with the following output:
Change Dir: /Users/florianblanchard/42_works/Scop/game/target/debug/build/sdl2-sys-20e0e7642941fa29/out/build/CMakeFiles/CMakeTmp

Run Build Command(s):/usr/bin/make -f Makefile cmTC_56be4/fast && /Applications/Xcode.app/Contents/Developer/usr/bin/make  -f CMakeFiles/cmTC_56be4.dir/build.make CMakeFiles/cmTC_56be4.dir/build
Building C object CMakeFiles/cmTC_56be4.dir/CheckSymbolExists.c.o
/usr/bin/cc   -D__FLTUSED__ -ffunction-sections -fdata-sections -fPIC -m64 -arch x86_64 -idirafter "/Users/florianblanchard/.cargo/registry/src/github.com-1ecc6299db9ec823/sdl2-sys-0.35.2/SDL/src/video/khronos"  -isysroot /Applications/Xcode.app/Contents/Developer/Platforms/MacOSX.platform/Developer/SDKs/MacOSX12.3.sdk -MD -MT CMakeFiles/cmTC_56be4.dir/CheckSymbolExists.c.o -MF CMakeFiles/cmTC_56be4.dir/CheckSymbolExists.c.o.d -o CMakeFiles/cmTC_56be4.dir/CheckSymbolExists.c.o -c /Users/florianblanchard/42_works/Scop/game/target/debug/build/sdl2-sys-20e0e7642941fa29/out/build/CMakeFiles/CMakeTmp/CheckSymbolExists.c
/Users/florianblanchard/42_works/Scop/game/target/debug/build/sdl2-sys-20e0e7642941fa29/out/build/CMakeFiles/CMakeTmp/CheckSymbolExists.c:14:19: error: use of undeclared identifier '_strrev'
  return ((int*)(&_strrev))[argc];
                  ^
1 error generated.
make[1]: *** [CMakeFiles/cmTC_56be4.dir/CheckSymbolExists.c.o] Error 1
make: *** [cmTC_56be4/fast] Error 2


File /Users/florianblanchard/42_works/Scop/game/target/debug/build/sdl2-sys-20e0e7642941fa29/out/build/CMakeFiles/CMakeTmp/CheckSymbolExists.c:
/* */
#include <stddef.h>
#include <stdarg.h>
#include <stdlib.h>
#include <string.h>
#include <stdio.h>
#include <wchar.h>
#include <float.h>

int main(int argc, char** argv)
{
  (void)argv;
#ifndef _strrev
  return ((int*)(&_strrev))[argc];
#else
  (void)argc;
  return 0;
#endif
}
Determining if the _strupr exist failed with the following output:
Change Dir: /Users/florianblanchard/42_works/Scop/game/target/debug/build/sdl2-sys-20e0e7642941fa29/out/build/CMakeFiles/CMakeTmp

Run Build Command(s):/usr/bin/make -f Makefile cmTC_6111d/fast && /Applications/Xcode.app/Contents/Developer/usr/bin/make  -f CMakeFiles/cmTC_6111d.dir/build.make CMakeFiles/cmTC_6111d.dir/build
Building C object CMakeFiles/cmTC_6111d.dir/CheckSymbolExists.c.o
/usr/bin/cc   -D__FLTUSED__ -ffunction-sections -fdata-sections -fPIC -m64 -arch x86_64 -idirafter "/Users/florianblanchard/.cargo/registry/src/github.com-1ecc6299db9ec823/sdl2-sys-0.35.2/SDL/src/video/khronos"  -isysroot /Applications/Xcode.app/Contents/Developer/Platforms/MacOSX.platform/Developer/SDKs/MacOSX12.3.sdk -MD -MT CMakeFiles/cmTC_6111d.dir/CheckSymbolExists.c.o -MF CMakeFiles/cmTC_6111d.dir/CheckSymbolExists.c.o.d -o CMakeFiles/cmTC_6111d.dir/CheckSymbolExists.c.o -c /Users/florianblanchard/42_works/Scop/game/target/debug/build/sdl2-sys-20e0e7642941fa29/out/build/CMakeFiles/CMakeTmp/CheckSymbolExists.c
/Users/florianblanchard/42_works/Scop/game/target/debug/build/sdl2-sys-20e0e7642941fa29/out/build/CMakeFiles/CMakeTmp/CheckSymbolExists.c:14:19: error: use of undeclared identifier '_strupr'
  return ((int*)(&_strupr))[argc];
                  ^
1 error generated.
make[1]: *** [CMakeFiles/cmTC_6111d.dir/CheckSymbolExists.c.o] Error 1
make: *** [cmTC_6111d/fast] Error 2


File /Users/florianblanchard/42_works/Scop/game/target/debug/build/sdl2-sys-20e0e7642941fa29/out/build/CMakeFiles/CMakeTmp/CheckSymbolExists.c:
/* */
#include <stddef.h>
#include <stdarg.h>
#include <stdlib.h>
#include <string.h>
#include <stdio.h>
#include <wchar.h>
#include <float.h>

int main(int argc, char** argv)
{
  (void)argv;
#ifndef _strupr
  return ((int*)(&_strupr))[argc];
#else
  (void)argc;
  return 0;
#endif
}
Determining if the _strlwr exist failed with the following output:
Change Dir: /Users/florianblanchard/42_works/Scop/game/target/debug/build/sdl2-sys-20e0e7642941fa29/out/build/CMakeFiles/CMakeTmp

Run Build Command(s):/usr/bin/make -f Makefile cmTC_e1ab6/fast && /Applications/Xcode.app/Contents/Developer/usr/bin/make  -f CMakeFiles/cmTC_e1ab6.dir/build.make CMakeFiles/cmTC_e1ab6.dir/build
Building C object CMakeFiles/cmTC_e1ab6.dir/CheckSymbolExists.c.o
/usr/bin/cc   -D__FLTUSED__ -ffunction-sections -fdata-sections -fPIC -m64 -arch x86_64 -idirafter "/Users/florianblanchard/.cargo/registry/src/github.com-1ecc6299db9ec823/sdl2-sys-0.35.2/SDL/src/video/khronos"  -isysroot /Applications/Xcode.app/Contents/Developer/Platforms/MacOSX.platform/Developer/SDKs/MacOSX12.3.sdk -MD -MT CMakeFiles/cmTC_e1ab6.dir/CheckSymbolExists.c.o -MF CMakeFiles/cmTC_e1ab6.dir/CheckSymbolExists.c.o.d -o CMakeFiles/cmTC_e1ab6.dir/CheckSymbolExists.c.o -c /Users/florianblanchard/42_works/Scop/game/target/debug/build/sdl2-sys-20e0e7642941fa29/out/build/CMakeFiles/CMakeTmp/CheckSymbolExists.c
/Users/florianblanchard/42_works/Scop/game/target/debug/build/sdl2-sys-20e0e7642941fa29/out/build/CMakeFiles/CMakeTmp/CheckSymbolExists.c:14:19: error: use of undeclared identifier '_strlwr'
  return ((int*)(&_strlwr))[argc];
                  ^
1 error generated.
make[1]: *** [CMakeFiles/cmTC_e1ab6.dir/CheckSymbolExists.c.o] Error 1
make: *** [cmTC_e1ab6/fast] Error 2


File /Users/florianblanchard/42_works/Scop/game/target/debug/build/sdl2-sys-20e0e7642941fa29/out/build/CMakeFiles/CMakeTmp/CheckSymbolExists.c:
/* */
#include <stddef.h>
#include <stdarg.h>
#include <stdlib.h>
#include <string.h>
#include <stdio.h>
#include <wchar.h>
#include <float.h>

int main(int argc, char** argv)
{
  (void)argv;
#ifndef _strlwr
  return ((int*)(&_strlwr))[argc];
#else
  (void)argc;
  return 0;
#endif
}
Determining if the itoa exist failed with the following output:
Change Dir: /Users/florianblanchard/42_works/Scop/game/target/debug/build/sdl2-sys-20e0e7642941fa29/out/build/CMakeFiles/CMakeTmp

Run Build Command(s):/usr/bin/make -f Makefile cmTC_687e0/fast && /Applications/Xcode.app/Contents/Developer/usr/bin/make  -f CMakeFiles/cmTC_687e0.dir/build.make CMakeFiles/cmTC_687e0.dir/build
Building C object CMakeFiles/cmTC_687e0.dir/CheckSymbolExists.c.o
/usr/bin/cc   -D__FLTUSED__ -ffunction-sections -fdata-sections -fPIC -m64 -arch x86_64 -idirafter "/Users/florianblanchard/.cargo/registry/src/github.com-1ecc6299db9ec823/sdl2-sys-0.35.2/SDL/src/video/khronos"  -isysroot /Applications/Xcode.app/Contents/Developer/Platforms/MacOSX.platform/Developer/SDKs/MacOSX12.3.sdk -MD -MT CMakeFiles/cmTC_687e0.dir/CheckSymbolExists.c.o -MF CMakeFiles/cmTC_687e0.dir/CheckSymbolExists.c.o.d -o CMakeFiles/cmTC_687e0.dir/CheckSymbolExists.c.o -c /Users/florianblanchard/42_works/Scop/game/target/debug/build/sdl2-sys-20e0e7642941fa29/out/build/CMakeFiles/CMakeTmp/CheckSymbolExists.c
/Users/florianblanchard/42_works/Scop/game/target/debug/build/sdl2-sys-20e0e7642941fa29/out/build/CMakeFiles/CMakeTmp/CheckSymbolExists.c:14:19: error: use of undeclared identifier 'itoa'
  return ((int*)(&itoa))[argc];
                  ^
1 error generated.
make[1]: *** [CMakeFiles/cmTC_687e0.dir/CheckSymbolExists.c.o] Error 1
make: *** [cmTC_687e0/fast] Error 2


File /Users/florianblanchard/42_works/Scop/game/target/debug/build/sdl2-sys-20e0e7642941fa29/out/build/CMakeFiles/CMakeTmp/CheckSymbolExists.c:
/* */
#include <stddef.h>
#include <stdarg.h>
#include <stdlib.h>
#include <string.h>
#include <stdio.h>
#include <wchar.h>
#include <float.h>

int main(int argc, char** argv)
{
  (void)argv;
#ifndef itoa
  return ((int*)(&itoa))[argc];
#else
  (void)argc;
  return 0;
#endif
}
Determining if the _ltoa exist failed with the following output:
Change Dir: /Users/florianblanchard/42_works/Scop/game/target/debug/build/sdl2-sys-20e0e7642941fa29/out/build/CMakeFiles/CMakeTmp

Run Build Command(s):/usr/bin/make -f Makefile cmTC_8fc83/fast && /Applications/Xcode.app/Contents/Developer/usr/bin/make  -f CMakeFiles/cmTC_8fc83.dir/build.make CMakeFiles/cmTC_8fc83.dir/build
Building C object CMakeFiles/cmTC_8fc83.dir/CheckSymbolExists.c.o
/usr/bin/cc   -D__FLTUSED__ -ffunction-sections -fdata-sections -fPIC -m64 -arch x86_64 -idirafter "/Users/florianblanchard/.cargo/registry/src/github.com-1ecc6299db9ec823/sdl2-sys-0.35.2/SDL/src/video/khronos"  -isysroot /Applications/Xcode.app/Contents/Developer/Platforms/MacOSX.platform/Developer/SDKs/MacOSX12.3.sdk -MD -MT CMakeFiles/cmTC_8fc83.dir/CheckSymbolExists.c.o -MF CMakeFiles/cmTC_8fc83.dir/CheckSymbolExists.c.o.d -o CMakeFiles/cmTC_8fc83.dir/CheckSymbolExists.c.o -c /Users/florianblanchard/42_works/Scop/game/target/debug/build/sdl2-sys-20e0e7642941fa29/out/build/CMakeFiles/CMakeTmp/CheckSymbolExists.c
/Users/florianblanchard/42_works/Scop/game/target/debug/build/sdl2-sys-20e0e7642941fa29/out/build/CMakeFiles/CMakeTmp/CheckSymbolExists.c:14:19: error: use of undeclared identifier '_ltoa'
  return ((int*)(&_ltoa))[argc];
                  ^
1 error generated.
make[1]: *** [CMakeFiles/cmTC_8fc83.dir/CheckSymbolExists.c.o] Error 1
make: *** [cmTC_8fc83/fast] Error 2


File /Users/florianblanchard/42_works/Scop/game/target/debug/build/sdl2-sys-20e0e7642941fa29/out/build/CMakeFiles/CMakeTmp/CheckSymbolExists.c:
/* */
#include <stddef.h>
#include <stdarg.h>
#include <stdlib.h>
#include <string.h>
#include <stdio.h>
#include <wchar.h>
#include <float.h>

int main(int argc, char** argv)
{
  (void)argv;
#ifndef _ltoa
  return ((int*)(&_ltoa))[argc];
#else
  (void)argc;
  return 0;
#endif
}
Determining if the _uitoa exist failed with the following output:
Change Dir: /Users/florianblanchard/42_works/Scop/game/target/debug/build/sdl2-sys-20e0e7642941fa29/out/build/CMakeFiles/CMakeTmp

Run Build Command(s):/usr/bin/make -f Makefile cmTC_6ebe2/fast && /Applications/Xcode.app/Contents/Developer/usr/bin/make  -f CMakeFiles/cmTC_6ebe2.dir/build.make CMakeFiles/cmTC_6ebe2.dir/build
Building C object CMakeFiles/cmTC_6ebe2.dir/CheckSymbolExists.c.o
/usr/bin/cc   -D__FLTUSED__ -ffunction-sections -fdata-sections -fPIC -m64 -arch x86_64 -idirafter "/Users/florianblanchard/.cargo/registry/src/github.com-1ecc6299db9ec823/sdl2-sys-0.35.2/SDL/src/video/khronos"  -isysroot /Applications/Xcode.app/Contents/Developer/Platforms/MacOSX.platform/Developer/SDKs/MacOSX12.3.sdk -MD -MT CMakeFiles/cmTC_6ebe2.dir/CheckSymbolExists.c.o -MF CMakeFiles/cmTC_6ebe2.dir/CheckSymbolExists.c.o.d -o CMakeFiles/cmTC_6ebe2.dir/CheckSymbolExists.c.o -c /Users/florianblanchard/42_works/Scop/game/target/debug/build/sdl2-sys-20e0e7642941fa29/out/build/CMakeFiles/CMakeTmp/CheckSymbolExists.c
/Users/florianblanchard/42_works/Scop/game/target/debug/build/sdl2-sys-20e0e7642941fa29/out/build/CMakeFiles/CMakeTmp/CheckSymbolExists.c:14:19: error: use of undeclared identifier '_uitoa'
  return ((int*)(&_uitoa))[argc];
                  ^
1 error generated.
make[1]: *** [CMakeFiles/cmTC_6ebe2.dir/CheckSymbolExists.c.o] Error 1
make: *** [cmTC_6ebe2/fast] Error 2


File /Users/florianblanchard/42_works/Scop/game/target/debug/build/sdl2-sys-20e0e7642941fa29/out/build/CMakeFiles/CMakeTmp/CheckSymbolExists.c:
/* */
#include <stddef.h>
#include <stdarg.h>
#include <stdlib.h>
#include <string.h>
#include <stdio.h>
#include <wchar.h>
#include <float.h>

int main(int argc, char** argv)
{
  (void)argv;
#ifndef _uitoa
  return ((int*)(&_uitoa))[argc];
#else
  (void)argc;
  return 0;
#endif
}
Determining if the _ultoa exist failed with the following output:
Change Dir: /Users/florianblanchard/42_works/Scop/game/target/debug/build/sdl2-sys-20e0e7642941fa29/out/build/CMakeFiles/CMakeTmp

Run Build Command(s):/usr/bin/make -f Makefile cmTC_38269/fast && /Applications/Xcode.app/Contents/Developer/usr/bin/make  -f CMakeFiles/cmTC_38269.dir/build.make CMakeFiles/cmTC_38269.dir/build
Building C object CMakeFiles/cmTC_38269.dir/CheckSymbolExists.c.o
/usr/bin/cc   -D__FLTUSED__ -ffunction-sections -fdata-sections -fPIC -m64 -arch x86_64 -idirafter "/Users/florianblanchard/.cargo/registry/src/github.com-1ecc6299db9ec823/sdl2-sys-0.35.2/SDL/src/video/khronos"  -isysroot /Applications/Xcode.app/Contents/Developer/Platforms/MacOSX.platform/Developer/SDKs/MacOSX12.3.sdk -MD -MT CMakeFiles/cmTC_38269.dir/CheckSymbolExists.c.o -MF CMakeFiles/cmTC_38269.dir/CheckSymbolExists.c.o.d -o CMakeFiles/cmTC_38269.dir/CheckSymbolExists.c.o -c /Users/florianblanchard/42_works/Scop/game/target/debug/build/sdl2-sys-20e0e7642941fa29/out/build/CMakeFiles/CMakeTmp/CheckSymbolExists.c
/Users/florianblanchard/42_works/Scop/game/target/debug/build/sdl2-sys-20e0e7642941fa29/out/build/CMakeFiles/CMakeTmp/CheckSymbolExists.c:14:19: error: use of undeclared identifier '_ultoa'
  return ((int*)(&_ultoa))[argc];
                  ^
1 error generated.
make[1]: *** [CMakeFiles/cmTC_38269.dir/CheckSymbolExists.c.o] Error 1
make: *** [cmTC_38269/fast] Error 2


File /Users/florianblanchard/42_works/Scop/game/target/debug/build/sdl2-sys-20e0e7642941fa29/out/build/CMakeFiles/CMakeTmp/CheckSymbolExists.c:
/* */
#include <stddef.h>
#include <stdarg.h>
#include <stdlib.h>
#include <string.h>
#include <stdio.h>
#include <wchar.h>
#include <float.h>

int main(int argc, char** argv)
{
  (void)argv;
#ifndef _ultoa
  return ((int*)(&_ultoa))[argc];
#else
  (void)argc;
  return 0;
#endif
}
Determining if the _i64toa exist failed with the following output:
Change Dir: /Users/florianblanchard/42_works/Scop/game/target/debug/build/sdl2-sys-20e0e7642941fa29/out/build/CMakeFiles/CMakeTmp

Run Build Command(s):/usr/bin/make -f Makefile cmTC_c7f04/fast && /Applications/Xcode.app/Contents/Developer/usr/bin/make  -f CMakeFiles/cmTC_c7f04.dir/build.make CMakeFiles/cmTC_c7f04.dir/build
Building C object CMakeFiles/cmTC_c7f04.dir/CheckSymbolExists.c.o
/usr/bin/cc   -D__FLTUSED__ -ffunction-sections -fdata-sections -fPIC -m64 -arch x86_64 -idirafter "/Users/florianblanchard/.cargo/registry/src/github.com-1ecc6299db9ec823/sdl2-sys-0.35.2/SDL/src/video/khronos"  -isysroot /Applications/Xcode.app/Contents/Developer/Platforms/MacOSX.platform/Developer/SDKs/MacOSX12.3.sdk -MD -MT CMakeFiles/cmTC_c7f04.dir/CheckSymbolExists.c.o -MF CMakeFiles/cmTC_c7f04.dir/CheckSymbolExists.c.o.d -o CMakeFiles/cmTC_c7f04.dir/CheckSymbolExists.c.o -c /Users/florianblanchard/42_works/Scop/game/target/debug/build/sdl2-sys-20e0e7642941fa29/out/build/CMakeFiles/CMakeTmp/CheckSymbolExists.c
/Users/florianblanchard/42_works/Scop/game/target/debug/build/sdl2-sys-20e0e7642941fa29/out/build/CMakeFiles/CMakeTmp/CheckSymbolExists.c:14:19: error: use of undeclared identifier '_i64toa'
  return ((int*)(&_i64toa))[argc];
                  ^
1 error generated.
make[1]: *** [CMakeFiles/cmTC_c7f04.dir/CheckSymbolExists.c.o] Error 1
make: *** [cmTC_c7f04/fast] Error 2


File /Users/florianblanchard/42_works/Scop/game/target/debug/build/sdl2-sys-20e0e7642941fa29/out/build/CMakeFiles/CMakeTmp/CheckSymbolExists.c:
/* */
#include <stddef.h>
#include <stdarg.h>
#include <stdlib.h>
#include <string.h>
#include <stdio.h>
#include <wchar.h>
#include <float.h>

int main(int argc, char** argv)
{
  (void)argv;
#ifndef _i64toa
  return ((int*)(&_i64toa))[argc];
#else
  (void)argc;
  return 0;
#endif
}
Determining if the _ui64toa exist failed with the following output:
Change Dir: /Users/florianblanchard/42_works/Scop/game/target/debug/build/sdl2-sys-20e0e7642941fa29/out/build/CMakeFiles/CMakeTmp

Run Build Command(s):/usr/bin/make -f Makefile cmTC_5d4d7/fast && /Applications/Xcode.app/Contents/Developer/usr/bin/make  -f CMakeFiles/cmTC_5d4d7.dir/build.make CMakeFiles/cmTC_5d4d7.dir/build
Building C object CMakeFiles/cmTC_5d4d7.dir/CheckSymbolExists.c.o
/usr/bin/cc   -D__FLTUSED__ -ffunction-sections -fdata-sections -fPIC -m64 -arch x86_64 -idirafter "/Users/florianblanchard/.cargo/registry/src/github.com-1ecc6299db9ec823/sdl2-sys-0.35.2/SDL/src/video/khronos"  -isysroot /Applications/Xcode.app/Contents/Developer/Platforms/MacOSX.platform/Developer/SDKs/MacOSX12.3.sdk -MD -MT CMakeFiles/cmTC_5d4d7.dir/CheckSymbolExists.c.o -MF CMakeFiles/cmTC_5d4d7.dir/CheckSymbolExists.c.o.d -o CMakeFiles/cmTC_5d4d7.dir/CheckSymbolExists.c.o -c /Users/florianblanchard/42_works/Scop/game/target/debug/build/sdl2-sys-20e0e7642941fa29/out/build/CMakeFiles/CMakeTmp/CheckSymbolExists.c
/Users/florianblanchard/42_works/Scop/game/target/debug/build/sdl2-sys-20e0e7642941fa29/out/build/CMakeFiles/CMakeTmp/CheckSymbolExists.c:14:19: error: use of undeclared identifier '_ui64toa'
  return ((int*)(&_ui64toa))[argc];
                  ^
1 error generated.
make[1]: *** [CMakeFiles/cmTC_5d4d7.dir/CheckSymbolExists.c.o] Error 1
make: *** [cmTC_5d4d7/fast] Error 2


File /Users/florianblanchard/42_works/Scop/game/target/debug/build/sdl2-sys-20e0e7642941fa29/out/build/CMakeFiles/CMakeTmp/CheckSymbolExists.c:
/* */
#include <stddef.h>
#include <stdarg.h>
#include <stdlib.h>
#include <string.h>
#include <stdio.h>
#include <wchar.h>
#include <float.h>

int main(int argc, char** argv)
{
  (void)argv;
#ifndef _ui64toa
  return ((int*)(&_ui64toa))[argc];
#else
  (void)argc;
  return 0;
#endif
}
Determining if the _stricmp exist failed with the following output:
Change Dir: /Users/florianblanchard/42_works/Scop/game/target/debug/build/sdl2-sys-20e0e7642941fa29/out/build/CMakeFiles/CMakeTmp

Run Build Command(s):/usr/bin/make -f Makefile cmTC_5629d/fast && /Applications/Xcode.app/Contents/Developer/usr/bin/make  -f CMakeFiles/cmTC_5629d.dir/build.make CMakeFiles/cmTC_5629d.dir/build
Building C object CMakeFiles/cmTC_5629d.dir/CheckSymbolExists.c.o
/usr/bin/cc   -D__FLTUSED__ -ffunction-sections -fdata-sections -fPIC -m64 -arch x86_64 -idirafter "/Users/florianblanchard/.cargo/registry/src/github.com-1ecc6299db9ec823/sdl2-sys-0.35.2/SDL/src/video/khronos"  -isysroot /Applications/Xcode.app/Contents/Developer/Platforms/MacOSX.platform/Developer/SDKs/MacOSX12.3.sdk -MD -MT CMakeFiles/cmTC_5629d.dir/CheckSymbolExists.c.o -MF CMakeFiles/cmTC_5629d.dir/CheckSymbolExists.c.o.d -o CMakeFiles/cmTC_5629d.dir/CheckSymbolExists.c.o -c /Users/florianblanchard/42_works/Scop/game/target/debug/build/sdl2-sys-20e0e7642941fa29/out/build/CMakeFiles/CMakeTmp/CheckSymbolExists.c
/Users/florianblanchard/42_works/Scop/game/target/debug/build/sdl2-sys-20e0e7642941fa29/out/build/CMakeFiles/CMakeTmp/CheckSymbolExists.c:14:19: error: use of undeclared identifier '_stricmp'
  return ((int*)(&_stricmp))[argc];
                  ^
1 error generated.
make[1]: *** [CMakeFiles/cmTC_5629d.dir/CheckSymbolExists.c.o] Error 1
make: *** [cmTC_5629d/fast] Error 2


File /Users/florianblanchard/42_works/Scop/game/target/debug/build/sdl2-sys-20e0e7642941fa29/out/build/CMakeFiles/CMakeTmp/CheckSymbolExists.c:
/* */
#include <stddef.h>
#include <stdarg.h>
#include <stdlib.h>
#include <string.h>
#include <stdio.h>
#include <wchar.h>
#include <float.h>

int main(int argc, char** argv)
{
  (void)argv;
#ifndef _stricmp
  return ((int*)(&_stricmp))[argc];
#else
  (void)argc;
  return 0;
#endif
}
Determining if the _strnicmp exist failed with the following output:
Change Dir: /Users/florianblanchard/42_works/Scop/game/target/debug/build/sdl2-sys-20e0e7642941fa29/out/build/CMakeFiles/CMakeTmp

Run Build Command(s):/usr/bin/make -f Makefile cmTC_70982/fast && /Applications/Xcode.app/Contents/Developer/usr/bin/make  -f CMakeFiles/cmTC_70982.dir/build.make CMakeFiles/cmTC_70982.dir/build
Building C object CMakeFiles/cmTC_70982.dir/CheckSymbolExists.c.o
/usr/bin/cc   -D__FLTUSED__ -ffunction-sections -fdata-sections -fPIC -m64 -arch x86_64 -idirafter "/Users/florianblanchard/.cargo/registry/src/github.com-1ecc6299db9ec823/sdl2-sys-0.35.2/SDL/src/video/khronos"  -isysroot /Applications/Xcode.app/Contents/Developer/Platforms/MacOSX.platform/Developer/SDKs/MacOSX12.3.sdk -MD -MT CMakeFiles/cmTC_70982.dir/CheckSymbolExists.c.o -MF CMakeFiles/cmTC_70982.dir/CheckSymbolExists.c.o.d -o CMakeFiles/cmTC_70982.dir/CheckSymbolExists.c.o -c /Users/florianblanchard/42_works/Scop/game/target/debug/build/sdl2-sys-20e0e7642941fa29/out/build/CMakeFiles/CMakeTmp/CheckSymbolExists.c
/Users/florianblanchard/42_works/Scop/game/target/debug/build/sdl2-sys-20e0e7642941fa29/out/build/CMakeFiles/CMakeTmp/CheckSymbolExists.c:14:19: error: use of undeclared identifier '_strnicmp'; did you mean 'strncmp'?
  return ((int*)(&_strnicmp))[argc];
                  ^~~~~~~~~
                  strncmp
/Applications/Xcode.app/Contents/Developer/Platforms/MacOSX.platform/Developer/SDKs/MacOSX12.3.sdk/usr/include/string.h:84:6: note: 'strncmp' declared here
int      strncmp(const char *__s1, const char *__s2, size_t __n);
         ^
1 error generated.
make[1]: *** [CMakeFiles/cmTC_70982.dir/CheckSymbolExists.c.o] Error 1
make: *** [cmTC_70982/fast] Error 2


File /Users/florianblanchard/42_works/Scop/game/target/debug/build/sdl2-sys-20e0e7642941fa29/out/build/CMakeFiles/CMakeTmp/CheckSymbolExists.c:
/* */
#include <stddef.h>
#include <stdarg.h>
#include <stdlib.h>
#include <string.h>
#include <stdio.h>
#include <wchar.h>
#include <float.h>

int main(int argc, char** argv)
{
  (void)argv;
#ifndef _strnicmp
  return ((int*)(&_strnicmp))[argc];
#else
  (void)argc;
  return 0;
#endif
}
Determining if the _wcsdup exist failed with the following output:
Change Dir: /Users/florianblanchard/42_works/Scop/game/target/debug/build/sdl2-sys-20e0e7642941fa29/out/build/CMakeFiles/CMakeTmp

Run Build Command(s):/usr/bin/make -f Makefile cmTC_1c6f5/fast && /Applications/Xcode.app/Contents/Developer/usr/bin/make  -f CMakeFiles/cmTC_1c6f5.dir/build.make CMakeFiles/cmTC_1c6f5.dir/build
Building C object CMakeFiles/cmTC_1c6f5.dir/CheckSymbolExists.c.o
/usr/bin/cc   -D__FLTUSED__ -ffunction-sections -fdata-sections -fPIC -m64 -arch x86_64 -idirafter "/Users/florianblanchard/.cargo/registry/src/github.com-1ecc6299db9ec823/sdl2-sys-0.35.2/SDL/src/video/khronos"  -isysroot /Applications/Xcode.app/Contents/Developer/Platforms/MacOSX.platform/Developer/SDKs/MacOSX12.3.sdk -MD -MT CMakeFiles/cmTC_1c6f5.dir/CheckSymbolExists.c.o -MF CMakeFiles/cmTC_1c6f5.dir/CheckSymbolExists.c.o.d -o CMakeFiles/cmTC_1c6f5.dir/CheckSymbolExists.c.o -c /Users/florianblanchard/42_works/Scop/game/target/debug/build/sdl2-sys-20e0e7642941fa29/out/build/CMakeFiles/CMakeTmp/CheckSymbolExists.c
/Users/florianblanchard/42_works/Scop/game/target/debug/build/sdl2-sys-20e0e7642941fa29/out/build/CMakeFiles/CMakeTmp/CheckSymbolExists.c:14:19: error: use of undeclared identifier '_wcsdup'; did you mean 'wcsdup'?
  return ((int*)(&_wcsdup))[argc];
                  ^~~~~~~
                  wcsdup
/Applications/Xcode.app/Contents/Developer/Platforms/MacOSX.platform/Developer/SDKs/MacOSX12.3.sdk/usr/include/wchar.h:199:10: note: 'wcsdup' declared here
wchar_t *wcsdup(const wchar_t *) __OSX_AVAILABLE_STARTING(__MAC_10_7, __IPHONE_4_3);
         ^
1 error generated.
make[1]: *** [CMakeFiles/cmTC_1c6f5.dir/CheckSymbolExists.c.o] Error 1
make: *** [cmTC_1c6f5/fast] Error 2


File /Users/florianblanchard/42_works/Scop/game/target/debug/build/sdl2-sys-20e0e7642941fa29/out/build/CMakeFiles/CMakeTmp/CheckSymbolExists.c:
/* */
#include <stddef.h>
#include <stdarg.h>
#include <stdlib.h>
#include <string.h>
#include <stdio.h>
#include <wchar.h>
#include <float.h>

int main(int argc, char** argv)
{
  (void)argv;
#ifndef _wcsdup
  return ((int*)(&_wcsdup))[argc];
#else
  (void)argc;
  return 0;
#endif
}
Determining if the _wcsicmp exist failed with the following output:
Change Dir: /Users/florianblanchard/42_works/Scop/game/target/debug/build/sdl2-sys-20e0e7642941fa29/out/build/CMakeFiles/CMakeTmp

Run Build Command(s):/usr/bin/make -f Makefile cmTC_3351b/fast && /Applications/Xcode.app/Contents/Developer/usr/bin/make  -f CMakeFiles/cmTC_3351b.dir/build.make CMakeFiles/cmTC_3351b.dir/build
Building C object CMakeFiles/cmTC_3351b.dir/CheckSymbolExists.c.o
/usr/bin/cc   -D__FLTUSED__ -ffunction-sections -fdata-sections -fPIC -m64 -arch x86_64 -idirafter "/Users/florianblanchard/.cargo/registry/src/github.com-1ecc6299db9ec823/sdl2-sys-0.35.2/SDL/src/video/khronos"  -isysroot /Applications/Xcode.app/Contents/Developer/Platforms/MacOSX.platform/Developer/SDKs/MacOSX12.3.sdk -MD -MT CMakeFiles/cmTC_3351b.dir/CheckSymbolExists.c.o -MF CMakeFiles/cmTC_3351b.dir/CheckSymbolExists.c.o.d -o CMakeFiles/cmTC_3351b.dir/CheckSymbolExists.c.o -c /Users/florianblanchard/42_works/Scop/game/target/debug/build/sdl2-sys-20e0e7642941fa29/out/build/CMakeFiles/CMakeTmp/CheckSymbolExists.c
/Users/florianblanchard/42_works/Scop/game/target/debug/build/sdl2-sys-20e0e7642941fa29/out/build/CMakeFiles/CMakeTmp/CheckSymbolExists.c:14:19: error: use of undeclared identifier '_wcsicmp'
  return ((int*)(&_wcsicmp))[argc];
                  ^
1 error generated.
make[1]: *** [CMakeFiles/cmTC_3351b.dir/CheckSymbolExists.c.o] Error 1
make: *** [cmTC_3351b/fast] Error 2


File /Users/florianblanchard/42_works/Scop/game/target/debug/build/sdl2-sys-20e0e7642941fa29/out/build/CMakeFiles/CMakeTmp/CheckSymbolExists.c:
/* */
#include <stddef.h>
#include <stdarg.h>
#include <stdlib.h>
#include <string.h>
#include <stdio.h>
#include <wchar.h>
#include <float.h>

int main(int argc, char** argv)
{
  (void)argv;
#ifndef _wcsicmp
  return ((int*)(&_wcsicmp))[argc];
#else
  (void)argc;
  return 0;
#endif
}
Determining if the _wcsnicmp exist failed with the following output:
Change Dir: /Users/florianblanchard/42_works/Scop/game/target/debug/build/sdl2-sys-20e0e7642941fa29/out/build/CMakeFiles/CMakeTmp

Run Build Command(s):/usr/bin/make -f Makefile cmTC_25922/fast && /Applications/Xcode.app/Contents/Developer/usr/bin/make  -f CMakeFiles/cmTC_25922.dir/build.make CMakeFiles/cmTC_25922.dir/build
Building C object CMakeFiles/cmTC_25922.dir/CheckSymbolExists.c.o
/usr/bin/cc   -D__FLTUSED__ -ffunction-sections -fdata-sections -fPIC -m64 -arch x86_64 -idirafter "/Users/florianblanchard/.cargo/registry/src/github.com-1ecc6299db9ec823/sdl2-sys-0.35.2/SDL/src/video/khronos"  -isysroot /Applications/Xcode.app/Contents/Developer/Platforms/MacOSX.platform/Developer/SDKs/MacOSX12.3.sdk -MD -MT CMakeFiles/cmTC_25922.dir/CheckSymbolExists.c.o -MF CMakeFiles/cmTC_25922.dir/CheckSymbolExists.c.o.d -o CMakeFiles/cmTC_25922.dir/CheckSymbolExists.c.o -c /Users/florianblanchard/42_works/Scop/game/target/debug/build/sdl2-sys-20e0e7642941fa29/out/build/CMakeFiles/CMakeTmp/CheckSymbolExists.c
/Users/florianblanchard/42_works/Scop/game/target/debug/build/sdl2-sys-20e0e7642941fa29/out/build/CMakeFiles/CMakeTmp/CheckSymbolExists.c:14:19: error: use of undeclared identifier '_wcsnicmp'; did you mean 'wcsncmp'?
  return ((int*)(&_wcsnicmp))[argc];
                  ^~~~~~~~~
                  wcsncmp
/Applications/Xcode.app/Contents/Developer/Platforms/MacOSX.platform/Developer/SDKs/MacOSX12.3.sdk/usr/include/wchar.h:134:5: note: 'wcsncmp' declared here
int     wcsncmp(const wchar_t *, const wchar_t *, size_t);
        ^
1 error generated.
make[1]: *** [CMakeFiles/cmTC_25922.dir/CheckSymbolExists.c.o] Error 1
make: *** [cmTC_25922/fast] Error 2


File /Users/florianblanchard/42_works/Scop/game/target/debug/build/sdl2-sys-20e0e7642941fa29/out/build/CMakeFiles/CMakeTmp/CheckSymbolExists.c:
/* */
#include <stddef.h>
#include <stdarg.h>
#include <stdlib.h>
#include <string.h>
#include <stdio.h>
#include <wchar.h>
#include <float.h>

int main(int argc, char** argv)
{
  (void)argv;
#ifndef _wcsnicmp
  return ((int*)(&_wcsnicmp))[argc];
#else
  (void)argc;
  return 0;
#endif
}
Determining if the fopen64 exist failed with the following output:
Change Dir: /Users/florianblanchard/42_works/Scop/game/target/debug/build/sdl2-sys-20e0e7642941fa29/out/build/CMakeFiles/CMakeTmp

Run Build Command(s):/usr/bin/make -f Makefile cmTC_0af09/fast && /Applications/Xcode.app/Contents/Developer/usr/bin/make  -f CMakeFiles/cmTC_0af09.dir/build.make CMakeFiles/cmTC_0af09.dir/build
Building C object CMakeFiles/cmTC_0af09.dir/CheckSymbolExists.c.o
/usr/bin/cc   -D__FLTUSED__ -ffunction-sections -fdata-sections -fPIC -m64 -arch x86_64 -idirafter "/Users/florianblanchard/.cargo/registry/src/github.com-1ecc6299db9ec823/sdl2-sys-0.35.2/SDL/src/video/khronos"  -isysroot /Applications/Xcode.app/Contents/Developer/Platforms/MacOSX.platform/Developer/SDKs/MacOSX12.3.sdk -MD -MT CMakeFiles/cmTC_0af09.dir/CheckSymbolExists.c.o -MF CMakeFiles/cmTC_0af09.dir/CheckSymbolExists.c.o.d -o CMakeFiles/cmTC_0af09.dir/CheckSymbolExists.c.o -c /Users/florianblanchard/42_works/Scop/game/target/debug/build/sdl2-sys-20e0e7642941fa29/out/build/CMakeFiles/CMakeTmp/CheckSymbolExists.c
/Users/florianblanchard/42_works/Scop/game/target/debug/build/sdl2-sys-20e0e7642941fa29/out/build/CMakeFiles/CMakeTmp/CheckSymbolExists.c:14:19: error: use of undeclared identifier 'fopen64'; did you mean 'fopen'?
  return ((int*)(&fopen64))[argc];
                  ^~~~~~~
                  fopen
/Applications/Xcode.app/Contents/Developer/Platforms/MacOSX.platform/Developer/SDKs/MacOSX12.3.sdk/usr/include/stdio.h:153:7: note: 'fopen' declared here
FILE    *fopen(const char * __restrict __filename, const char * __restrict __mode) __DARWIN_ALIAS_STARTING(__MAC_10_6, __IPHONE_2_0, __DARWIN_ALIAS(fopen));
         ^
1 error generated.
make[1]: *** [CMakeFiles/cmTC_0af09.dir/CheckSymbolExists.c.o] Error 1
make: *** [cmTC_0af09/fast] Error 2


File /Users/florianblanchard/42_works/Scop/game/target/debug/build/sdl2-sys-20e0e7642941fa29/out/build/CMakeFiles/CMakeTmp/CheckSymbolExists.c:
/* */
#include <stddef.h>
#include <stdarg.h>
#include <stdlib.h>
#include <string.h>
#include <stdio.h>
#include <wchar.h>
#include <float.h>

int main(int argc, char** argv)
{
  (void)argv;
#ifndef fopen64
  return ((int*)(&fopen64))[argc];
#else
  (void)argc;
  return 0;
#endif
}
Determining if the fseeko64 exist failed with the following output:
Change Dir: /Users/florianblanchard/42_works/Scop/game/target/debug/build/sdl2-sys-20e0e7642941fa29/out/build/CMakeFiles/CMakeTmp

Run Build Command(s):/usr/bin/make -f Makefile cmTC_ee018/fast && /Applications/Xcode.app/Contents/Developer/usr/bin/make  -f CMakeFiles/cmTC_ee018.dir/build.make CMakeFiles/cmTC_ee018.dir/build
Building C object CMakeFiles/cmTC_ee018.dir/CheckSymbolExists.c.o
/usr/bin/cc   -D__FLTUSED__ -ffunction-sections -fdata-sections -fPIC -m64 -arch x86_64 -idirafter "/Users/florianblanchard/.cargo/registry/src/github.com-1ecc6299db9ec823/sdl2-sys-0.35.2/SDL/src/video/khronos"  -isysroot /Applications/Xcode.app/Contents/Developer/Platforms/MacOSX.platform/Developer/SDKs/MacOSX12.3.sdk -MD -MT CMakeFiles/cmTC_ee018.dir/CheckSymbolExists.c.o -MF CMakeFiles/cmTC_ee018.dir/CheckSymbolExists.c.o.d -o CMakeFiles/cmTC_ee018.dir/CheckSymbolExists.c.o -c /Users/florianblanchard/42_works/Scop/game/target/debug/build/sdl2-sys-20e0e7642941fa29/out/build/CMakeFiles/CMakeTmp/CheckSymbolExists.c
/Users/florianblanchard/42_works/Scop/game/target/debug/build/sdl2-sys-20e0e7642941fa29/out/build/CMakeFiles/CMakeTmp/CheckSymbolExists.c:14:19: error: use of undeclared identifier 'fseeko64'; did you mean 'fseeko'?
  return ((int*)(&fseeko64))[argc];
                  ^~~~~~~~
                  fseeko
/Applications/Xcode.app/Contents/Developer/Platforms/MacOSX.platform/Developer/SDKs/MacOSX12.3.sdk/usr/include/stdio.h:320:6: note: 'fseeko' declared here
int      fseeko(FILE * __stream, off_t __offset, int __whence);
         ^
1 error generated.
make[1]: *** [CMakeFiles/cmTC_ee018.dir/CheckSymbolExists.c.o] Error 1
make: *** [cmTC_ee018/fast] Error 2


File /Users/florianblanchard/42_works/Scop/game/target/debug/build/sdl2-sys-20e0e7642941fa29/out/build/CMakeFiles/CMakeTmp/CheckSymbolExists.c:
/* */
#include <stddef.h>
#include <stdarg.h>
#include <stdlib.h>
#include <string.h>
#include <stdio.h>
#include <wchar.h>
#include <float.h>

int main(int argc, char** argv)
{
  (void)argv;
#ifndef fseeko64
  return ((int*)(&fseeko64))[argc];
#else
  (void)argc;
  return 0;
#endif
}
Determining if the getauxval exist failed with the following output:
Change Dir: /Users/florianblanchard/42_works/Scop/game/target/debug/build/sdl2-sys-20e0e7642941fa29/out/build/CMakeFiles/CMakeTmp

Run Build Command(s):/usr/bin/make -f Makefile cmTC_6c2c7/fast && /Applications/Xcode.app/Contents/Developer/usr/bin/make  -f CMakeFiles/cmTC_6c2c7.dir/build.make CMakeFiles/cmTC_6c2c7.dir/build
Building C object CMakeFiles/cmTC_6c2c7.dir/CheckSymbolExists.c.o
/usr/bin/cc   -D__FLTUSED__ -ffunction-sections -fdata-sections -fPIC -m64 -arch x86_64 -idirafter "/Users/florianblanchard/.cargo/registry/src/github.com-1ecc6299db9ec823/sdl2-sys-0.35.2/SDL/src/video/khronos"  -isysroot /Applications/Xcode.app/Contents/Developer/Platforms/MacOSX.platform/Developer/SDKs/MacOSX12.3.sdk -MD -MT CMakeFiles/cmTC_6c2c7.dir/CheckSymbolExists.c.o -MF CMakeFiles/cmTC_6c2c7.dir/CheckSymbolExists.c.o.d -o CMakeFiles/cmTC_6c2c7.dir/CheckSymbolExists.c.o -c /Users/florianblanchard/42_works/Scop/game/target/debug/build/sdl2-sys-20e0e7642941fa29/out/build/CMakeFiles/CMakeTmp/CheckSymbolExists.c
/Users/florianblanchard/42_works/Scop/game/target/debug/build/sdl2-sys-20e0e7642941fa29/out/build/CMakeFiles/CMakeTmp/CheckSymbolExists.c:2:10: fatal error: 'sys/auxv.h' file not found
#include <sys/auxv.h>
         ^~~~~~~~~~~~
1 error generated.
make[1]: *** [CMakeFiles/cmTC_6c2c7.dir/CheckSymbolExists.c.o] Error 1
make: *** [cmTC_6c2c7/fast] Error 2


File /Users/florianblanchard/42_works/Scop/game/target/debug/build/sdl2-sys-20e0e7642941fa29/out/build/CMakeFiles/CMakeTmp/CheckSymbolExists.c:
/* */
#include <sys/auxv.h>

int main(int argc, char** argv)
{
  (void)argv;
#ifndef getauxval
  return ((int*)(&getauxval))[argc];
#else
  (void)argc;
  return 0;
#endif
}
Determining if the elf_aux_info exist failed with the following output:
Change Dir: /Users/florianblanchard/42_works/Scop/game/target/debug/build/sdl2-sys-20e0e7642941fa29/out/build/CMakeFiles/CMakeTmp

Run Build Command(s):/usr/bin/make -f Makefile cmTC_b86bc/fast && /Applications/Xcode.app/Contents/Developer/usr/bin/make  -f CMakeFiles/cmTC_b86bc.dir/build.make CMakeFiles/cmTC_b86bc.dir/build
Building C object CMakeFiles/cmTC_b86bc.dir/CheckSymbolExists.c.o
/usr/bin/cc   -D__FLTUSED__ -ffunction-sections -fdata-sections -fPIC -m64 -arch x86_64 -idirafter "/Users/florianblanchard/.cargo/registry/src/github.com-1ecc6299db9ec823/sdl2-sys-0.35.2/SDL/src/video/khronos"  -isysroot /Applications/Xcode.app/Contents/Developer/Platforms/MacOSX.platform/Developer/SDKs/MacOSX12.3.sdk -MD -MT CMakeFiles/cmTC_b86bc.dir/CheckSymbolExists.c.o -MF CMakeFiles/cmTC_b86bc.dir/CheckSymbolExists.c.o.d -o CMakeFiles/cmTC_b86bc.dir/CheckSymbolExists.c.o -c /Users/florianblanchard/42_works/Scop/game/target/debug/build/sdl2-sys-20e0e7642941fa29/out/build/CMakeFiles/CMakeTmp/CheckSymbolExists.c
/Users/florianblanchard/42_works/Scop/game/target/debug/build/sdl2-sys-20e0e7642941fa29/out/build/CMakeFiles/CMakeTmp/CheckSymbolExists.c:2:10: fatal error: 'sys/auxv.h' file not found
#include <sys/auxv.h>
         ^~~~~~~~~~~~
1 error generated.
make[1]: *** [CMakeFiles/cmTC_b86bc.dir/CheckSymbolExists.c.o] Error 1
make: *** [cmTC_b86bc/fast] Error 2


File /Users/florianblanchard/42_works/Scop/game/target/debug/build/sdl2-sys-20e0e7642941fa29/out/build/CMakeFiles/CMakeTmp/CheckSymbolExists.c:
/* */
#include <sys/auxv.h>

int main(int argc, char** argv)
{
  (void)argv;
#ifndef elf_aux_info
  return ((int*)(&elf_aux_info))[argc];
#else
  (void)argc;
  return 0;
#endif
}
Performing C SOURCE FILE Test HAVE_SEM_TIMEDWAIT failed with the following output:
Change Dir: /Users/florianblanchard/42_works/Scop/game/target/debug/build/sdl2-sys-20e0e7642941fa29/out/build/CMakeFiles/CMakeTmp

Run Build Command(s):/usr/bin/make -f Makefile cmTC_00e81/fast && /Applications/Xcode.app/Contents/Developer/usr/bin/make  -f CMakeFiles/cmTC_00e81.dir/build.make CMakeFiles/cmTC_00e81.dir/build
Building C object CMakeFiles/cmTC_00e81.dir/src.c.o
/usr/bin/cc -DHAVE_SEM_TIMEDWAIT  -D__FLTUSED__ -ffunction-sections -fdata-sections -fPIC -m64 -arch x86_64 -idirafter "/Users/florianblanchard/.cargo/registry/src/github.com-1ecc6299db9ec823/sdl2-sys-0.35.2/SDL/src/video/khronos"  -D_THREAD_SAFE -isysroot /Applications/Xcode.app/Contents/Developer/Platforms/MacOSX.platform/Developer/SDKs/MacOSX12.3.sdk -MD -MT CMakeFiles/cmTC_00e81.dir/src.c.o -MF CMakeFiles/cmTC_00e81.dir/src.c.o.d -o CMakeFiles/cmTC_00e81.dir/src.c.o -c /Users/florianblanchard/42_works/Scop/game/target/debug/build/sdl2-sys-20e0e7642941fa29/out/build/CMakeFiles/CMakeTmp/src.c
/Users/florianblanchard/42_works/Scop/game/target/debug/build/sdl2-sys-20e0e7642941fa29/out/build/CMakeFiles/CMakeTmp/src.c:5:19: error: implicit declaration of function 'sem_timedwait' is invalid in C99 [-Werror,-Wimplicit-function-declaration]
                  sem_timedwait(NULL, NULL);
                  ^
/Users/florianblanchard/42_works/Scop/game/target/debug/build/sdl2-sys-20e0e7642941fa29/out/build/CMakeFiles/CMakeTmp/src.c:5:19: note: did you mean 'sem_trywait'?
/Applications/Xcode.app/Contents/Developer/Platforms/MacOSX.platform/Developer/SDKs/MacOSX12.3.sdk/usr/include/sys/semaphore.h:58:5: note: 'sem_trywait' declared here
int sem_trywait(sem_t *);
    ^
1 error generated.
make[1]: *** [CMakeFiles/cmTC_00e81.dir/src.c.o] Error 1
make: *** [cmTC_00e81/fast] Error 2


Source file was:

              #include <pthread.h>
              #include <semaphore.h>
              int main(int argc, char **argv) {
                  sem_timedwait(NULL, NULL);
                  return 0;
              }
Determining if files pthread_np.h exist failed with the following output:
Change Dir: /Users/florianblanchard/42_works/Scop/game/target/debug/build/sdl2-sys-20e0e7642941fa29/out/build/CMakeFiles/CMakeTmp

Run Build Command(s):/usr/bin/make -f Makefile cmTC_ba39c/fast && /Applications/Xcode.app/Contents/Developer/usr/bin/make  -f CMakeFiles/cmTC_ba39c.dir/build.make CMakeFiles/cmTC_ba39c.dir/build
Building C object CMakeFiles/cmTC_ba39c.dir/HAVE_PTHREAD_NP_H.c.o
/usr/bin/cc   -D__FLTUSED__ -ffunction-sections -fdata-sections -fPIC -m64 -arch x86_64 -idirafter "/Users/florianblanchard/.cargo/registry/src/github.com-1ecc6299db9ec823/sdl2-sys-0.35.2/SDL/src/video/khronos"  -D_THREAD_SAFE -isysroot /Applications/Xcode.app/Contents/Developer/Platforms/MacOSX.platform/Developer/SDKs/MacOSX12.3.sdk -MD -MT CMakeFiles/cmTC_ba39c.dir/HAVE_PTHREAD_NP_H.c.o -MF CMakeFiles/cmTC_ba39c.dir/HAVE_PTHREAD_NP_H.c.o.d -o CMakeFiles/cmTC_ba39c.dir/HAVE_PTHREAD_NP_H.c.o -c /Users/florianblanchard/42_works/Scop/game/target/debug/build/sdl2-sys-20e0e7642941fa29/out/build/CMakeFiles/CheckIncludeFiles/HAVE_PTHREAD_NP_H.c
/Users/florianblanchard/42_works/Scop/game/target/debug/build/sdl2-sys-20e0e7642941fa29/out/build/CMakeFiles/CheckIncludeFiles/HAVE_PTHREAD_NP_H.c:2:10: fatal error: 'pthread_np.h' file not found
#include <pthread_np.h>
         ^~~~~~~~~~~~~~
1 error generated.
make[1]: *** [CMakeFiles/cmTC_ba39c.dir/HAVE_PTHREAD_NP_H.c.o] Error 1
make: *** [cmTC_ba39c/fast] Error 2


Source:
/* */
#include <pthread_np.h>


int main(void){return 0;}

Performing C SOURCE FILE Test HAVE_PTHREAD_SETNAME_NP failed with the following output:
Change Dir: /Users/florianblanchard/42_works/Scop/game/target/debug/build/sdl2-sys-20e0e7642941fa29/out/build/CMakeFiles/CMakeTmp

Run Build Command(s):/usr/bin/make -f Makefile cmTC_7b9e4/fast && /Applications/Xcode.app/Contents/Developer/usr/bin/make  -f CMakeFiles/cmTC_7b9e4.dir/build.make CMakeFiles/cmTC_7b9e4.dir/build
Building C object CMakeFiles/cmTC_7b9e4.dir/src.c.o
/usr/bin/cc -DHAVE_PTHREAD_SETNAME_NP  -D__FLTUSED__ -ffunction-sections -fdata-sections -fPIC -m64 -arch x86_64 -idirafter "/Users/florianblanchard/.cargo/registry/src/github.com-1ecc6299db9ec823/sdl2-sys-0.35.2/SDL/src/video/khronos"  -D_THREAD_SAFE -isysroot /Applications/Xcode.app/Contents/Developer/Platforms/MacOSX.platform/Developer/SDKs/MacOSX12.3.sdk -MD -MT CMakeFiles/cmTC_7b9e4.dir/src.c.o -MF CMakeFiles/cmTC_7b9e4.dir/src.c.o.d -o CMakeFiles/cmTC_7b9e4.dir/src.c.o -c /Users/florianblanchard/42_works/Scop/game/target/debug/build/sdl2-sys-20e0e7642941fa29/out/build/CMakeFiles/CMakeTmp/src.c
/Users/florianblanchard/42_works/Scop/game/target/debug/build/sdl2-sys-20e0e7642941fa29/out/build/CMakeFiles/CMakeTmp/src.c:5:50: error: too many arguments to function call, expected 1, have 2
              pthread_setname_np(pthread_self(), "");
              ~~~~~~~~~~~~~~~~~~                 ^~
/Applications/Xcode.app/Contents/Developer/Platforms/MacOSX.platform/Developer/SDKs/MacOSX12.3.sdk/usr/include/pthread.h:510:5: note: 'pthread_setname_np' declared here
int     pthread_setname_np(const char*);
        ^
1 error generated.
make[1]: *** [CMakeFiles/cmTC_7b9e4.dir/src.c.o] Error 1
make: *** [cmTC_7b9e4/fast] Error 2


Source file was:

            #define _GNU_SOURCE 1
            #include <pthread.h>
            int main(int argc, char **argv) {
              pthread_setname_np(pthread_self(), "");
              return 0;
            }
